2025-10-19 18:19:58,117 - INFO - Model Training & COMET ML initialized..
2025-10-19 18:19:58,205 - INFO - Data loaded sucesfully for Model Trainig
2025-10-19 18:19:58,269 - INFO - YAML file config/config.yaml read successfully.
2025-10-19 18:19:58,269 - INFO - Loaded configuration from config.yaml
2025-10-19 18:19:58,843 - INFO - Model created sucesfully....
2025-10-19 18:20:09,366 - INFO - Model training Completedd.....
2025-10-19 18:20:09,367 - WARNING - You are saving your model as an HDF5 file via `model.save()` or `keras.saving.save_model(model)`. This file format is considered legacy. We recommend using instead the native Keras format, e.g. `model.save('my_model.keras')` or `keras.saving.save_model(model, 'my_model.keras')`. 
2025-10-19 18:20:09,421 - INFO - Model saved to artifacts/model\model.h5
2025-10-19 18:20:09,422 - INFO - Extracting weights for user_embedding
2025-10-19 18:20:09,429 - INFO - Extracting weights for anime_embedding
2025-10-19 18:20:09,501 - INFO - User and Anime weights saved sucesfully....
2025-10-19 21:55:31,181 - INFO - Model Training & COMET ML initialized..
2025-10-19 21:55:31,269 - INFO - Data loaded sucesfully for Model Trainig
2025-10-19 21:55:31,330 - INFO - YAML file config/config.yaml read successfully.
2025-10-19 21:55:31,330 - INFO - Loaded configuration from config.yaml
2025-10-19 21:55:32,699 - INFO - Model created sucesfully....
2025-10-19 21:55:44,384 - INFO - Model training Completedd.....
2025-10-19 21:55:44,384 - WARNING - You are saving your model as an HDF5 file via `model.save()` or `keras.saving.save_model(model)`. This file format is considered legacy. We recommend using instead the native Keras format, e.g. `model.save('my_model.keras')` or `keras.saving.save_model(model, 'my_model.keras')`. 
2025-10-19 21:55:44,465 - INFO - Model saved to artifacts/model\model.h5
2025-10-19 21:55:44,467 - INFO - Extracting weights for user_embedding
2025-10-19 21:55:44,476 - INFO - Extracting weights for anime_embedding
2025-10-19 21:55:44,581 - INFO - User and Anime weights saved sucesfully....
2025-10-19 22:19:21,553 - INFO - DataProcessing Intialized
2025-10-19 22:19:21,701 - INFO - Data loaded sucesfully for Data Processing
2025-10-19 22:19:21,742 - INFO - Filtered users sucesfully...
2025-10-19 22:19:21,866 - INFO - Scalind done for Processing 
2025-10-19 22:19:21,898 - INFO - Encoding done for Users and Anime
2025-10-19 22:19:21,953 - INFO - Data splitted sucesfullyy
2025-10-19 22:19:21,955 - INFO - user2user_encoded saved sucesfully in processed directory
2025-10-19 22:19:21,958 - INFO - user2user_decoded saved sucesfully in processed directory
2025-10-19 22:19:21,991 - INFO - anim2anime_encoded saved sucesfully in processed directory
2025-10-19 22:19:22,028 - INFO - anim2anime_decoded saved sucesfully in processed directory
2025-10-19 22:19:22,607 - INFO - ALl the training testing data as well as rating_df is saved now..
2025-10-19 22:19:30,344 - INFO - DF AND SYNOPSIS_Df saved sucesfullyy...
2025-10-19 22:19:30,349 - INFO - Data Processing Pipeline Run sucesfully .... Congrats
2025-10-19 22:19:38,369 - INFO - Model Training & COMET ML initialized..
2025-10-19 22:19:38,446 - INFO - Data loaded sucesfully for Model Trainig
2025-10-19 22:19:38,486 - INFO - YAML file config/config.yaml read successfully.
2025-10-19 22:19:38,486 - INFO - Loaded configuration from config.yaml
2025-10-19 22:19:38,622 - INFO - Model created sucesfully....
2025-10-19 22:19:48,862 - INFO - Model training Completedd.....
2025-10-19 22:19:48,864 - WARNING - You are saving your model as an HDF5 file via `model.save()` or `keras.saving.save_model(model)`. This file format is considered legacy. We recommend using instead the native Keras format, e.g. `model.save('my_model.keras')` or `keras.saving.save_model(model, 'my_model.keras')`. 
2025-10-19 22:19:48,938 - INFO - Model saved to artifacts/model\model.h5
2025-10-19 22:19:48,939 - INFO - Extracting weights for user_embedding
2025-10-19 22:19:48,949 - INFO - Extracting weights for anime_embedding
2025-10-19 22:19:49,038 - INFO - User and Anime weights saved sucesfully....
